{"/home/jeferson/Dev/studies/ytb-mango-nodejs-tdd-and-clean-arch/src/presentation/helpers/http-response.js": {"path":"/home/jeferson/Dev/studies/ytb-mango-nodejs-tdd-and-clean-arch/src/presentation/helpers/http-response.js","all":false,"statementMap":{"0":{"start":{"line":1,"column":0},"end":{"line":1,"column":59}},"1":{"start":{"line":2,"column":0},"end":{"line":2,"column":46}},"2":{"start":{"line":3,"column":0},"end":{"line":3,"column":58}},"3":{"start":{"line":4,"column":0},"end":{"line":4,"column":0}},"4":{"start":{"line":5,"column":0},"end":{"line":5,"column":37}},"5":{"start":{"line":6,"column":0},"end":{"line":6,"column":32}},"6":{"start":{"line":7,"column":0},"end":{"line":7,"column":12}},"7":{"start":{"line":8,"column":0},"end":{"line":8,"column":22}},"8":{"start":{"line":9,"column":0},"end":{"line":9,"column":45}},"9":{"start":{"line":10,"column":0},"end":{"line":10,"column":6}},"10":{"start":{"line":11,"column":0},"end":{"line":11,"column":3}},"11":{"start":{"line":12,"column":0},"end":{"line":12,"column":0}},"12":{"start":{"line":13,"column":0},"end":{"line":13,"column":24}},"13":{"start":{"line":14,"column":0},"end":{"line":14,"column":56}},"14":{"start":{"line":15,"column":0},"end":{"line":15,"column":3}},"15":{"start":{"line":16,"column":0},"end":{"line":16,"column":0}},"16":{"start":{"line":17,"column":0},"end":{"line":17,"column":30}},"17":{"start":{"line":18,"column":0},"end":{"line":18,"column":12}},"18":{"start":{"line":19,"column":0},"end":{"line":19,"column":22}},"19":{"start":{"line":20,"column":0},"end":{"line":20,"column":36}},"20":{"start":{"line":21,"column":0},"end":{"line":21,"column":6}},"21":{"start":{"line":22,"column":0},"end":{"line":22,"column":3}},"22":{"start":{"line":23,"column":0},"end":{"line":23,"column":0}},"23":{"start":{"line":24,"column":0},"end":{"line":24,"column":19}},"24":{"start":{"line":25,"column":0},"end":{"line":25,"column":12}},"25":{"start":{"line":26,"column":0},"end":{"line":26,"column":22}},"26":{"start":{"line":27,"column":0},"end":{"line":27,"column":17}},"27":{"start":{"line":28,"column":0},"end":{"line":28,"column":6}},"28":{"start":{"line":29,"column":0},"end":{"line":29,"column":3}},"29":{"start":{"line":30,"column":0},"end":{"line":30,"column":2}}},"s":{"0":1,"1":1,"2":1,"3":1,"4":1,"5":1,"6":2,"7":2,"8":2,"9":2,"10":2,"11":1,"12":1,"13":5,"14":5,"15":1,"16":1,"17":1,"18":1,"19":1,"20":1,"21":1,"22":1,"23":1,"24":2,"25":2,"26":2,"27":2,"28":2,"29":1},"branchMap":{"0":{"type":"branch","line":6,"loc":{"start":{"line":6,"column":9},"end":{"line":11,"column":3}},"locations":[{"start":{"line":6,"column":9},"end":{"line":11,"column":3}}]},"1":{"type":"branch","line":13,"loc":{"start":{"line":13,"column":9},"end":{"line":15,"column":3}},"locations":[{"start":{"line":13,"column":9},"end":{"line":15,"column":3}}]},"2":{"type":"branch","line":17,"loc":{"start":{"line":17,"column":9},"end":{"line":22,"column":3}},"locations":[{"start":{"line":17,"column":9},"end":{"line":22,"column":3}}]},"3":{"type":"branch","line":24,"loc":{"start":{"line":24,"column":9},"end":{"line":29,"column":3}},"locations":[{"start":{"line":24,"column":9},"end":{"line":29,"column":3}}]}},"b":{"0":[2],"1":[5],"2":[1],"3":[2]},"fnMap":{"0":{"name":"badRequest","decl":{"start":{"line":6,"column":9},"end":{"line":11,"column":3}},"loc":{"start":{"line":6,"column":9},"end":{"line":11,"column":3}},"line":6},"1":{"name":"serverError","decl":{"start":{"line":13,"column":9},"end":{"line":15,"column":3}},"loc":{"start":{"line":13,"column":9},"end":{"line":15,"column":3}},"line":13},"2":{"name":"unauthorizedError","decl":{"start":{"line":17,"column":9},"end":{"line":22,"column":3}},"loc":{"start":{"line":17,"column":9},"end":{"line":22,"column":3}},"line":17},"3":{"name":"ok","decl":{"start":{"line":24,"column":9},"end":{"line":29,"column":3}},"loc":{"start":{"line":24,"column":9},"end":{"line":29,"column":3}},"line":24}},"f":{"0":2,"1":5,"2":1,"3":2}}
,"/home/jeferson/Dev/studies/ytb-mango-nodejs-tdd-and-clean-arch/src/presentation/helpers/missing-param-error.js": {"path":"/home/jeferson/Dev/studies/ytb-mango-nodejs-tdd-and-clean-arch/src/presentation/helpers/missing-param-error.js","all":false,"statementMap":{"0":{"start":{"line":1,"column":0},"end":{"line":1,"column":56}},"1":{"start":{"line":2,"column":0},"end":{"line":2,"column":26}},"2":{"start":{"line":3,"column":0},"end":{"line":3,"column":41}},"3":{"start":{"line":4,"column":0},"end":{"line":4,"column":36}},"4":{"start":{"line":5,"column":0},"end":{"line":5,"column":3}},"5":{"start":{"line":6,"column":0},"end":{"line":6,"column":2}}},"s":{"0":1,"1":1,"2":4,"3":4,"4":4,"5":1},"branchMap":{"0":{"type":"branch","line":2,"loc":{"start":{"line":2,"column":2},"end":{"line":5,"column":3}},"locations":[{"start":{"line":2,"column":2},"end":{"line":5,"column":3}}]}},"b":{"0":[4]},"fnMap":{"0":{"name":"MissingParamError","decl":{"start":{"line":2,"column":2},"end":{"line":5,"column":3}},"loc":{"start":{"line":2,"column":2},"end":{"line":5,"column":3}},"line":2}},"f":{"0":4}}
,"/home/jeferson/Dev/studies/ytb-mango-nodejs-tdd-and-clean-arch/src/presentation/helpers/server-error.js": {"path":"/home/jeferson/Dev/studies/ytb-mango-nodejs-tdd-and-clean-arch/src/presentation/helpers/server-error.js","all":false,"statementMap":{"0":{"start":{"line":1,"column":0},"end":{"line":1,"column":50}},"1":{"start":{"line":2,"column":0},"end":{"line":2,"column":17}},"2":{"start":{"line":3,"column":0},"end":{"line":3,"column":28}},"3":{"start":{"line":4,"column":0},"end":{"line":4,"column":30}},"4":{"start":{"line":5,"column":0},"end":{"line":5,"column":3}},"5":{"start":{"line":6,"column":0},"end":{"line":6,"column":2}}},"s":{"0":1,"1":1,"2":9,"3":9,"4":9,"5":1},"branchMap":{"0":{"type":"branch","line":2,"loc":{"start":{"line":2,"column":2},"end":{"line":5,"column":3}},"locations":[{"start":{"line":2,"column":2},"end":{"line":5,"column":3}}]}},"b":{"0":[9]},"fnMap":{"0":{"name":"ServerError","decl":{"start":{"line":2,"column":2},"end":{"line":5,"column":3}},"loc":{"start":{"line":2,"column":2},"end":{"line":5,"column":3}},"line":2}},"f":{"0":9}}
,"/home/jeferson/Dev/studies/ytb-mango-nodejs-tdd-and-clean-arch/src/presentation/helpers/unauthorized-error.js": {"path":"/home/jeferson/Dev/studies/ytb-mango-nodejs-tdd-and-clean-arch/src/presentation/helpers/unauthorized-error.js","all":false,"statementMap":{"0":{"start":{"line":1,"column":0},"end":{"line":1,"column":56}},"1":{"start":{"line":2,"column":0},"end":{"line":2,"column":17}},"2":{"start":{"line":3,"column":0},"end":{"line":3,"column":26}},"3":{"start":{"line":4,"column":0},"end":{"line":4,"column":36}},"4":{"start":{"line":5,"column":0},"end":{"line":5,"column":3}},"5":{"start":{"line":6,"column":0},"end":{"line":6,"column":2}}},"s":{"0":1,"1":1,"2":2,"3":2,"4":2,"5":1},"branchMap":{"0":{"type":"branch","line":2,"loc":{"start":{"line":2,"column":2},"end":{"line":5,"column":3}},"locations":[{"start":{"line":2,"column":2},"end":{"line":5,"column":3}}]}},"b":{"0":[2]},"fnMap":{"0":{"name":"UnauthorizedError","decl":{"start":{"line":2,"column":2},"end":{"line":5,"column":3}},"loc":{"start":{"line":2,"column":2},"end":{"line":5,"column":3}},"line":2}},"f":{"0":2}}
,"/home/jeferson/Dev/studies/ytb-mango-nodejs-tdd-and-clean-arch/src/presentation/routers/login-router.js": {"path":"/home/jeferson/Dev/studies/ytb-mango-nodejs-tdd-and-clean-arch/src/presentation/routers/login-router.js","all":false,"statementMap":{"0":{"start":{"line":1,"column":0},"end":{"line":1,"column":57}},"1":{"start":{"line":2,"column":0},"end":{"line":2,"column":0}},"2":{"start":{"line":3,"column":0},"end":{"line":3,"column":36}},"3":{"start":{"line":4,"column":0},"end":{"line":4,"column":28}},"4":{"start":{"line":5,"column":0},"end":{"line":5,"column":35}},"5":{"start":{"line":6,"column":0},"end":{"line":6,"column":3}},"6":{"start":{"line":7,"column":0},"end":{"line":7,"column":0}},"7":{"start":{"line":8,"column":0},"end":{"line":8,"column":28}},"8":{"start":{"line":9,"column":0},"end":{"line":9,"column":9}},"9":{"start":{"line":10,"column":0},"end":{"line":10,"column":51}},"10":{"start":{"line":11,"column":0},"end":{"line":11,"column":58}},"11":{"start":{"line":12,"column":0},"end":{"line":12,"column":64}},"12":{"start":{"line":13,"column":0},"end":{"line":13,"column":0}},"13":{"start":{"line":14,"column":0},"end":{"line":14,"column":71}},"14":{"start":{"line":15,"column":0},"end":{"line":15,"column":0}},"15":{"start":{"line":16,"column":0},"end":{"line":16,"column":64}},"16":{"start":{"line":17,"column":0},"end":{"line":17,"column":46}},"17":{"start":{"line":18,"column":0},"end":{"line":18,"column":21}},"18":{"start":{"line":19,"column":0},"end":{"line":19,"column":40}},"19":{"start":{"line":20,"column":0},"end":{"line":20,"column":5}},"20":{"start":{"line":21,"column":0},"end":{"line":21,"column":3}},"21":{"start":{"line":22,"column":0},"end":{"line":22,"column":2}}},"s":{"0":1,"1":1,"2":1,"3":1,"4":10,"5":10,"6":1,"7":1,"8":10,"9":10,"10":10,"11":10,"12":6,"13":10,"14":3,"15":10,"16":2,"17":10,"18":5,"19":5,"20":10,"21":1},"branchMap":{"0":{"type":"branch","line":4,"loc":{"start":{"line":4,"column":2},"end":{"line":6,"column":3}},"locations":[{"start":{"line":4,"column":2},"end":{"line":6,"column":3}}]},"1":{"type":"branch","line":8,"loc":{"start":{"line":8,"column":13},"end":{"line":21,"column":3}},"locations":[{"start":{"line":8,"column":13},"end":{"line":21,"column":3}}]},"2":{"type":"branch","line":11,"loc":{"start":{"line":11,"column":18},"end":{"line":11,"column":25}},"locations":[{"start":{"line":11,"column":18},"end":{"line":11,"column":25}}]},"3":{"type":"branch","line":11,"loc":{"start":{"line":11,"column":18},"end":{"line":12,"column":10}},"locations":[{"start":{"line":11,"column":18},"end":{"line":12,"column":10}}]},"4":{"type":"branch","line":12,"loc":{"start":{"line":12,"column":21},"end":{"line":12,"column":28}},"locations":[{"start":{"line":12,"column":21},"end":{"line":12,"column":28}}]},"5":{"type":"branch","line":12,"loc":{"start":{"line":12,"column":21},"end":{"line":14,"column":12}},"locations":[{"start":{"line":12,"column":21},"end":{"line":14,"column":12}}]},"6":{"type":"branch","line":14,"loc":{"start":{"line":14,"column":6},"end":{"line":16,"column":10}},"locations":[{"start":{"line":14,"column":6},"end":{"line":16,"column":10}}]},"7":{"type":"branch","line":16,"loc":{"start":{"line":16,"column":24},"end":{"line":16,"column":31}},"locations":[{"start":{"line":16,"column":24},"end":{"line":16,"column":31}}]},"8":{"type":"branch","line":16,"loc":{"start":{"line":16,"column":24},"end":{"line":18,"column":6}},"locations":[{"start":{"line":16,"column":24},"end":{"line":18,"column":6}}]},"9":{"type":"branch","line":18,"loc":{"start":{"line":18,"column":6},"end":{"line":20,"column":5}},"locations":[{"start":{"line":18,"column":6},"end":{"line":20,"column":5}}]}},"b":{"0":[10],"1":[10],"2":[1],"3":[7],"4":[1],"5":[6],"6":[3],"7":[1],"8":[2],"9":[5]},"fnMap":{"0":{"name":"LoginRouter","decl":{"start":{"line":4,"column":2},"end":{"line":6,"column":3}},"loc":{"start":{"line":4,"column":2},"end":{"line":6,"column":3}},"line":4},"1":{"name":"route","decl":{"start":{"line":8,"column":13},"end":{"line":21,"column":3}},"loc":{"start":{"line":8,"column":13},"end":{"line":21,"column":3}},"line":8}},"f":{"0":10,"1":10}}
}
