{"/home/jeferson/Dev/studies/ytb-mango-nodejs-tdd-and-clean-arch/src/presentation/helpers/http-response.js": {"path":"/home/jeferson/Dev/studies/ytb-mango-nodejs-tdd-and-clean-arch/src/presentation/helpers/http-response.js","all":false,"statementMap":{"0":{"start":{"line":1,"column":0},"end":{"line":1,"column":59}},"1":{"start":{"line":2,"column":0},"end":{"line":2,"column":0}},"2":{"start":{"line":3,"column":0},"end":{"line":3,"column":37}},"3":{"start":{"line":4,"column":0},"end":{"line":4,"column":32}},"4":{"start":{"line":5,"column":0},"end":{"line":5,"column":12}},"5":{"start":{"line":6,"column":0},"end":{"line":6,"column":22}},"6":{"start":{"line":7,"column":0},"end":{"line":7,"column":45}},"7":{"start":{"line":8,"column":0},"end":{"line":8,"column":6}},"8":{"start":{"line":9,"column":0},"end":{"line":9,"column":3}},"9":{"start":{"line":10,"column":0},"end":{"line":10,"column":0}},"10":{"start":{"line":11,"column":0},"end":{"line":11,"column":24}},"11":{"start":{"line":12,"column":0},"end":{"line":12,"column":12}},"12":{"start":{"line":13,"column":0},"end":{"line":13,"column":22}},"13":{"start":{"line":14,"column":0},"end":{"line":14,"column":6}},"14":{"start":{"line":15,"column":0},"end":{"line":15,"column":3}},"15":{"start":{"line":16,"column":0},"end":{"line":16,"column":2}}},"s":{"0":1,"1":1,"2":1,"3":1,"4":2,"5":2,"6":2,"7":2,"8":2,"9":1,"10":1,"11":2,"12":2,"13":2,"14":2,"15":1},"branchMap":{"0":{"type":"branch","line":4,"loc":{"start":{"line":4,"column":9},"end":{"line":9,"column":3}},"locations":[{"start":{"line":4,"column":9},"end":{"line":9,"column":3}}]},"1":{"type":"branch","line":11,"loc":{"start":{"line":11,"column":9},"end":{"line":15,"column":3}},"locations":[{"start":{"line":11,"column":9},"end":{"line":15,"column":3}}]}},"b":{"0":[2],"1":[2]},"fnMap":{"0":{"name":"badRequest","decl":{"start":{"line":4,"column":9},"end":{"line":9,"column":3}},"loc":{"start":{"line":4,"column":9},"end":{"line":9,"column":3}},"line":4},"1":{"name":"serverError","decl":{"start":{"line":11,"column":9},"end":{"line":15,"column":3}},"loc":{"start":{"line":11,"column":9},"end":{"line":15,"column":3}},"line":11}},"f":{"0":2,"1":2}}
,"/home/jeferson/Dev/studies/ytb-mango-nodejs-tdd-and-clean-arch/src/presentation/helpers/missing-param-error.js": {"path":"/home/jeferson/Dev/studies/ytb-mango-nodejs-tdd-and-clean-arch/src/presentation/helpers/missing-param-error.js","all":false,"statementMap":{"0":{"start":{"line":1,"column":0},"end":{"line":1,"column":56}},"1":{"start":{"line":2,"column":0},"end":{"line":2,"column":26}},"2":{"start":{"line":3,"column":0},"end":{"line":3,"column":41}},"3":{"start":{"line":4,"column":0},"end":{"line":4,"column":36}},"4":{"start":{"line":5,"column":0},"end":{"line":5,"column":3}},"5":{"start":{"line":6,"column":0},"end":{"line":6,"column":2}}},"s":{"0":1,"1":1,"2":4,"3":4,"4":4,"5":1},"branchMap":{"0":{"type":"branch","line":2,"loc":{"start":{"line":2,"column":2},"end":{"line":5,"column":3}},"locations":[{"start":{"line":2,"column":2},"end":{"line":5,"column":3}}]}},"b":{"0":[4]},"fnMap":{"0":{"name":"MissingParamError","decl":{"start":{"line":2,"column":2},"end":{"line":5,"column":3}},"loc":{"start":{"line":2,"column":2},"end":{"line":5,"column":3}},"line":2}},"f":{"0":4}}
,"/home/jeferson/Dev/studies/ytb-mango-nodejs-tdd-and-clean-arch/src/presentation/routers/login-router.js": {"path":"/home/jeferson/Dev/studies/ytb-mango-nodejs-tdd-and-clean-arch/src/presentation/routers/login-router.js","all":false,"statementMap":{"0":{"start":{"line":1,"column":0},"end":{"line":1,"column":57}},"1":{"start":{"line":2,"column":0},"end":{"line":2,"column":0}},"2":{"start":{"line":3,"column":0},"end":{"line":3,"column":36}},"3":{"start":{"line":4,"column":0},"end":{"line":4,"column":22}},"4":{"start":{"line":5,"column":0},"end":{"line":5,"column":44}},"5":{"start":{"line":6,"column":0},"end":{"line":6,"column":40}},"6":{"start":{"line":7,"column":0},"end":{"line":7,"column":5}},"7":{"start":{"line":8,"column":0},"end":{"line":8,"column":0}},"8":{"start":{"line":9,"column":0},"end":{"line":9,"column":49}},"9":{"start":{"line":10,"column":0},"end":{"line":10,"column":56}},"10":{"start":{"line":11,"column":0},"end":{"line":11,"column":62}},"11":{"start":{"line":12,"column":0},"end":{"line":12,"column":3}},"12":{"start":{"line":13,"column":0},"end":{"line":13,"column":2}}},"s":{"0":1,"1":1,"2":1,"3":1,"4":4,"5":2,"6":2,"7":2,"8":2,"9":4,"10":4,"11":4,"12":1},"branchMap":{"0":{"type":"branch","line":4,"loc":{"start":{"line":4,"column":2},"end":{"line":12,"column":3}},"locations":[{"start":{"line":4,"column":2},"end":{"line":12,"column":3}}]},"1":{"type":"branch","line":5,"loc":{"start":{"line":5,"column":8},"end":{"line":5,"column":43}},"locations":[{"start":{"line":5,"column":8},"end":{"line":5,"column":43}}]},"2":{"type":"branch","line":5,"loc":{"start":{"line":5,"column":43},"end":{"line":10,"column":8}},"locations":[{"start":{"line":5,"column":43},"end":{"line":10,"column":8}}]},"3":{"type":"branch","line":10,"loc":{"start":{"line":10,"column":16},"end":{"line":11,"column":26}},"locations":[{"start":{"line":10,"column":16},"end":{"line":11,"column":26}}]}},"b":{"0":[4],"1":[3],"2":[2],"3":[1]},"fnMap":{"0":{"name":"route","decl":{"start":{"line":4,"column":2},"end":{"line":12,"column":3}},"loc":{"start":{"line":4,"column":2},"end":{"line":12,"column":3}},"line":4}},"f":{"0":4}}
}
